  main.cpp
C:\Users\adm\Documents\Коледж\Практика\perchyshyn_marian\Pract-8\main.cpp(217,10): warning C4566: character represented by universal-character-name '\u0414' cannot be represented in the current code page (1252)
C:\Users\adm\Documents\Коледж\Практика\perchyshyn_marian\Pract-8\main.cpp(217,10): warning C4566: character represented by universal-character-name '\u043E' cannot be represented in the current code page (1252)
C:\Users\adm\Documents\Коледж\Практика\perchyshyn_marian\Pract-8\main.cpp(217,10): warning C4566: character represented by universal-character-name '\u0434' cannot be represented in the current code page (1252)
C:\Users\adm\Documents\Коледж\Практика\perchyshyn_marian\Pract-8\main.cpp(217,10): warning C4566: character represented by universal-character-name '\u0430' cannot be represented in the current code page (1252)
C:\Users\adm\Documents\Коледж\Практика\perchyshyn_marian\Pract-8\main.cpp(217,10): warning C4566: character represented by universal-character-name '\u0442' cannot be represented in the current code page (1252)
C:\Users\adm\Documents\Коледж\Практика\perchyshyn_marian\Pract-8\main.cpp(217,10): warning C4566: character represented by universal-character-name '\u0438' cannot be represented in the current code page (1252)
C:\Users\adm\Documents\Коледж\Практика\perchyshyn_marian\Pract-8\main.cpp(218,10): warning C4566: character represented by universal-character-name '\u0414' cannot be represented in the current code page (1252)
C:\Users\adm\Documents\Коледж\Практика\perchyshyn_marian\Pract-8\main.cpp(218,10): warning C4566: character represented by universal-character-name '\u043E' cannot be represented in the current code page (1252)
C:\Users\adm\Documents\Коледж\Практика\perchyshyn_marian\Pract-8\main.cpp(218,10): warning C4566: character represented by universal-character-name '\u0434' cannot be represented in the current code page (1252)
C:\Users\adm\Documents\Коледж\Практика\perchyshyn_marian\Pract-8\main.cpp(218,10): warning C4566: character represented by universal-character-name '\u0430' cannot be represented in the current code page (1252)
C:\Users\adm\Documents\Коледж\Практика\perchyshyn_marian\Pract-8\main.cpp(218,10): warning C4566: character represented by universal-character-name '\u0442' cannot be represented in the current code page (1252)
C:\Users\adm\Documents\Коледж\Практика\perchyshyn_marian\Pract-8\main.cpp(218,10): warning C4566: character represented by universal-character-name '\u0438' cannot be represented in the current code page (1252)
C:\Users\adm\Documents\Коледж\Практика\perchyshyn_marian\Pract-8\main.cpp(219,10): warning C4566: character represented by universal-character-name '\u041F' cannot be represented in the current code page (1252)
C:\Users\adm\Documents\Коледж\Практика\perchyshyn_marian\Pract-8\main.cpp(219,10): warning C4566: character represented by universal-character-name '\u043E' cannot be represented in the current code page (1252)
C:\Users\adm\Documents\Коледж\Практика\perchyshyn_marian\Pract-8\main.cpp(219,10): warning C4566: character represented by universal-character-name '\u0448' cannot be represented in the current code page (1252)
C:\Users\adm\Documents\Коледж\Практика\perchyshyn_marian\Pract-8\main.cpp(219,10): warning C4566: character represented by universal-character-name '\u0443' cannot be represented in the current code page (1252)
C:\Users\adm\Documents\Коледж\Практика\perchyshyn_marian\Pract-8\main.cpp(219,10): warning C4566: character represented by universal-character-name '\u043A' cannot be represented in the current code page (1252)
C:\Users\adm\Documents\Коледж\Практика\perchyshyn_marian\Pract-8\main.cpp(219,10): warning C4566: character represented by universal-character-name '\u0431' cannot be represented in the current code page (1252)
C:\Users\adm\Documents\Коледж\Практика\perchyshyn_marian\Pract-8\main.cpp(219,10): warning C4566: character represented by universal-character-name '\u0454' cannot be represented in the current code page (1252)
C:\Users\adm\Documents\Коледж\Практика\perchyshyn_marian\Pract-8\main.cpp(219,10): warning C4566: character represented by universal-character-name '\u0442' cannot be represented in the current code page (1252)
C:\Users\adm\Documents\Коледж\Практика\perchyshyn_marian\Pract-8\main.cpp(219,10): warning C4566: character represented by universal-character-name '\u0430' cannot be represented in the current code page (1252)
C:\Users\adm\Documents\Коледж\Практика\perchyshyn_marian\Pract-8\main.cpp(220,10): warning C4566: character represented by universal-character-name '\u0412' cannot be represented in the current code page (1252)
C:\Users\adm\Documents\Коледж\Практика\perchyshyn_marian\Pract-8\main.cpp(220,10): warning C4566: character represented by universal-character-name '\u0438' cannot be represented in the current code page (1252)
C:\Users\adm\Documents\Коледж\Практика\perchyshyn_marian\Pract-8\main.cpp(220,10): warning C4566: character represented by universal-character-name '\u0445' cannot be represented in the current code page (1252)
C:\Users\adm\Documents\Коледж\Практика\perchyshyn_marian\Pract-8\main.cpp(220,10): warning C4566: character represented by universal-character-name '\u0456' cannot be represented in the current code page (1252)
C:\Users\adm\Documents\Коледж\Практика\perchyshyn_marian\Pract-8\main.cpp(220,10): warning C4566: character represented by universal-character-name '\u0434' cannot be represented in the current code page (1252)
C:\Users\adm\Documents\Коледж\Практика\perchyshyn_marian\Pract-8\main.cpp(221,10): warning C4566: character represented by universal-character-name '\u0412' cannot be represented in the current code page (1252)
C:\Users\adm\Documents\Коледж\Практика\perchyshyn_marian\Pract-8\main.cpp(221,10): warning C4566: character represented by universal-character-name '\u0430' cannot be represented in the current code page (1252)
C:\Users\adm\Documents\Коледж\Практика\perchyshyn_marian\Pract-8\main.cpp(221,10): warning C4566: character represented by universal-character-name '\u0448' cannot be represented in the current code page (1252)
C:\Users\adm\Documents\Коледж\Практика\perchyshyn_marian\Pract-8\main.cpp(221,10): warning C4566: character represented by universal-character-name '\u0432' cannot be represented in the current code page (1252)
C:\Users\adm\Documents\Коледж\Практика\perchyshyn_marian\Pract-8\main.cpp(221,10): warning C4566: character represented by universal-character-name '\u0438' cannot be represented in the current code page (1252)
C:\Users\adm\Documents\Коледж\Практика\perchyshyn_marian\Pract-8\main.cpp(221,10): warning C4566: character represented by universal-character-name '\u0431' cannot be represented in the current code page (1252)
C:\Users\adm\Documents\Коледж\Практика\perchyshyn_marian\Pract-8\main.cpp(221,10): warning C4566: character represented by universal-character-name '\u0456' cannot be represented in the current code page (1252)
C:\Users\adm\Documents\Коледж\Практика\perchyshyn_marian\Pract-8\main.cpp(221,10): warning C4566: character represented by universal-character-name '\u0440' cannot be represented in the current code page (1252)
C:\Users\adm\Documents\Коледж\Практика\perchyshyn_marian\Pract-8\main.cpp(289,12): warning C4566: character represented by universal-character-name '\u0412' cannot be represented in the current code page (1252)
C:\Users\adm\Documents\Коледж\Практика\perchyshyn_marian\Pract-8\main.cpp(289,12): warning C4566: character represented by universal-character-name '\u0432' cannot be represented in the current code page (1252)
C:\Users\adm\Documents\Коледж\Практика\perchyshyn_marian\Pract-8\main.cpp(289,12): warning C4566: character represented by universal-character-name '\u0435' cannot be represented in the current code page (1252)
C:\Users\adm\Documents\Коледж\Практика\perchyshyn_marian\Pract-8\main.cpp(289,12): warning C4566: character represented by universal-character-name '\u0456' cannot be represented in the current code page (1252)
C:\Users\adm\Documents\Коледж\Практика\perchyshyn_marian\Pract-8\main.cpp(289,12): warning C4566: character represented by universal-character-name '\u0442' cannot be represented in the current code page (1252)
C:\Users\adm\Documents\Коледж\Практика\perchyshyn_marian\Pract-8\main.cpp(289,12): warning C4566: character represented by universal-character-name '\u044C' cannot be represented in the current code page (1252)
C:\Users\adm\Documents\Коледж\Практика\perchyshyn_marian\Pract-8\main.cpp(289,12): warning C4566: character represented by universal-character-name '\u0434' cannot be represented in the current code page (1252)
C:\Users\adm\Documents\Коледж\Практика\perchyshyn_marian\Pract-8\main.cpp(289,12): warning C4566: character represented by universal-character-name '\u0430' cannot be represented in the current code page (1252)
C:\Users\adm\Documents\Коледж\Практика\perchyshyn_marian\Pract-8\main.cpp(289,12): warning C4566: character represented by universal-character-name '\u043D' cannot be represented in the current code page (1252)
C:\Users\adm\Documents\Коледж\Практика\perchyshyn_marian\Pract-8\main.cpp(303,12): warning C4566: character represented by universal-character-name '\u0412' cannot be represented in the current code page (1252)
C:\Users\adm\Documents\Коледж\Практика\perchyshyn_marian\Pract-8\main.cpp(303,12): warning C4566: character represented by universal-character-name '\u0432' cannot be represented in the current code page (1252)
C:\Users\adm\Documents\Коледж\Практика\perchyshyn_marian\Pract-8\main.cpp(303,12): warning C4566: character represented by universal-character-name '\u0435' cannot be represented in the current code page (1252)
C:\Users\adm\Documents\Коледж\Практика\perchyshyn_marian\Pract-8\main.cpp(303,12): warning C4566: character represented by universal-character-name '\u0456' cannot be represented in the current code page (1252)
C:\Users\adm\Documents\Коледж\Практика\perchyshyn_marian\Pract-8\main.cpp(303,12): warning C4566: character represented by universal-character-name '\u0442' cannot be represented in the current code page (1252)
C:\Users\adm\Documents\Коледж\Практика\perchyshyn_marian\Pract-8\main.cpp(303,12): warning C4566: character represented by universal-character-name '\u044C' cannot be represented in the current code page (1252)
C:\Users\adm\Documents\Коледж\Практика\perchyshyn_marian\Pract-8\main.cpp(303,12): warning C4566: character represented by universal-character-name '\u0434' cannot be represented in the current code page (1252)
C:\Users\adm\Documents\Коледж\Практика\perchyshyn_marian\Pract-8\main.cpp(303,12): warning C4566: character represented by universal-character-name '\u0430' cannot be represented in the current code page (1252)
C:\Users\adm\Documents\Коледж\Практика\perchyshyn_marian\Pract-8\main.cpp(303,12): warning C4566: character represented by universal-character-name '\u043D' cannot be represented in the current code page (1252)
C:\Users\adm\Documents\Коледж\Практика\perchyshyn_marian\Pract-8\main.cpp(316,12): warning C4566: character represented by universal-character-name '\u0412' cannot be represented in the current code page (1252)
C:\Users\adm\Documents\Коледж\Практика\perchyshyn_marian\Pract-8\main.cpp(316,12): warning C4566: character represented by universal-character-name '\u0432' cannot be represented in the current code page (1252)
C:\Users\adm\Documents\Коледж\Практика\perchyshyn_marian\Pract-8\main.cpp(316,12): warning C4566: character represented by universal-character-name '\u0435' cannot be represented in the current code page (1252)
C:\Users\adm\Documents\Коледж\Практика\perchyshyn_marian\Pract-8\main.cpp(316,12): warning C4566: character represented by universal-character-name '\u0434' cannot be represented in the current code page (1252)
C:\Users\adm\Documents\Коледж\Практика\perchyshyn_marian\Pract-8\main.cpp(316,12): warning C4566: character represented by universal-character-name '\u0456' cannot be represented in the current code page (1252)
C:\Users\adm\Documents\Коледж\Практика\perchyshyn_marian\Pract-8\main.cpp(316,12): warning C4566: character represented by universal-character-name '\u0442' cannot be represented in the current code page (1252)
C:\Users\adm\Documents\Коледж\Практика\perchyshyn_marian\Pract-8\main.cpp(316,12): warning C4566: character represented by universal-character-name '\u044C' cannot be represented in the current code page (1252)
C:\Users\adm\Documents\Коледж\Практика\perchyshyn_marian\Pract-8\main.cpp(316,12): warning C4566: character represented by universal-character-name '\u043A' cannot be represented in the current code page (1252)
C:\Users\adm\Documents\Коледж\Практика\perchyshyn_marian\Pract-8\main.cpp(316,12): warning C4566: character represented by universal-character-name '\u043B' cannot be represented in the current code page (1252)
C:\Users\adm\Documents\Коледж\Практика\perchyshyn_marian\Pract-8\main.cpp(316,12): warning C4566: character represented by universal-character-name '\u044E' cannot be represented in the current code page (1252)
C:\Users\adm\Documents\Коледж\Практика\perchyshyn_marian\Pract-8\main.cpp(316,12): warning C4566: character represented by universal-character-name '\u0447' cannot be represented in the current code page (1252)
C:\Users\adm\Documents\Коледж\Практика\perchyshyn_marian\Pract-8\main.cpp(326,13): warning C4566: character represented by universal-character-name '\u041E' cannot be represented in the current code page (1252)
C:\Users\adm\Documents\Коледж\Практика\perchyshyn_marian\Pract-8\main.cpp(326,13): warning C4566: character represented by universal-character-name '\u0431' cannot be represented in the current code page (1252)
C:\Users\adm\Documents\Коледж\Практика\perchyshyn_marian\Pract-8\main.cpp(326,13): warning C4566: character represented by universal-character-name '\u0454' cannot be represented in the current code page (1252)
C:\Users\adm\Documents\Коледж\Практика\perchyshyn_marian\Pract-8\main.cpp(326,13): warning C4566: character represented by universal-character-name '\u043A' cannot be represented in the current code page (1252)
C:\Users\adm\Documents\Коледж\Практика\perchyshyn_marian\Pract-8\main.cpp(326,13): warning C4566: character represented by universal-character-name '\u0442' cannot be represented in the current code page (1252)
C:\Users\adm\Documents\Коледж\Практика\perchyshyn_marian\Pract-8\main.cpp(326,13): warning C4566: character represented by universal-character-name '\u0437' cannot be represented in the current code page (1252)
C:\Users\adm\Documents\Коледж\Практика\perchyshyn_marian\Pract-8\main.cpp(326,43): warning C4566: character represented by universal-character-name '\u043D' cannot be represented in the current code page (1252)
C:\Users\adm\Documents\Коледж\Практика\perchyshyn_marian\Pract-8\main.cpp(326,43): warning C4566: character represented by universal-character-name '\u0435' cannot be represented in the current code page (1252)
C:\Users\adm\Documents\Коледж\Практика\perchyshyn_marian\Pract-8\main.cpp(326,43): warning C4566: character represented by universal-character-name '\u0437' cannot be represented in the current code page (1252)
C:\Users\adm\Documents\Коледж\Практика\perchyshyn_marian\Pract-8\main.cpp(326,43): warning C4566: character represented by universal-character-name '\u0430' cannot be represented in the current code page (1252)
C:\Users\adm\Documents\Коледж\Практика\perchyshyn_marian\Pract-8\main.cpp(326,43): warning C4566: character represented by universal-character-name '\u0439' cannot be represented in the current code page (1252)
C:\Users\adm\Documents\Коледж\Практика\perchyshyn_marian\Pract-8\main.cpp(326,43): warning C4566: character represented by universal-character-name '\u0434' cannot be represented in the current code page (1252)
C:\Users\adm\Documents\Коледж\Практика\perchyshyn_marian\Pract-8\main.cpp(326,43): warning C4566: character represented by universal-character-name '\u043E' cannot be represented in the current code page (1252)
  Pract-8.vcxproj -> C:\Users\adm\Documents\Коледж\Практика\perchyshyn_marian\Pract-8\x64\Debug\Pract-8.exe
