  main.cpp
C:\Users\adm\Documents\Коледж\Практика\perchyshyn_marian\Pract-6\main.cpp(277,10): warning C4566: character represented by universal-character-name '\u041F' cannot be represented in the current code page (1252)
C:\Users\adm\Documents\Коледж\Практика\perchyshyn_marian\Pract-6\main.cpp(277,10): warning C4566: character represented by universal-character-name '\u0435' cannot be represented in the current code page (1252)
C:\Users\adm\Documents\Коледж\Практика\perchyshyn_marian\Pract-6\main.cpp(277,10): warning C4566: character represented by universal-character-name '\u0440' cannot be represented in the current code page (1252)
C:\Users\adm\Documents\Коледж\Практика\perchyshyn_marian\Pract-6\main.cpp(277,10): warning C4566: character represented by universal-character-name '\u0432' cannot be represented in the current code page (1252)
C:\Users\adm\Documents\Коледж\Практика\perchyshyn_marian\Pract-6\main.cpp(277,10): warning C4566: character represented by universal-character-name '\u0456' cannot be represented in the current code page (1252)
C:\Users\adm\Documents\Коледж\Практика\perchyshyn_marian\Pract-6\main.cpp(277,10): warning C4566: character represented by universal-character-name '\u043A' cannot be represented in the current code page (1252)
C:\Users\adm\Documents\Коледж\Практика\perchyshyn_marian\Pract-6\main.cpp(277,10): warning C4566: character represented by universal-character-name '\u0430' cannot be represented in the current code page (1252)
C:\Users\adm\Documents\Коледж\Практика\perchyshyn_marian\Pract-6\main.cpp(277,10): warning C4566: character represented by universal-character-name '\u043E' cannot be represented in the current code page (1252)
C:\Users\adm\Documents\Коледж\Практика\perchyshyn_marian\Pract-6\main.cpp(277,10): warning C4566: character represented by universal-character-name '\u0431' cannot be represented in the current code page (1252)
C:\Users\adm\Documents\Коледж\Практика\perchyshyn_marian\Pract-6\main.cpp(277,10): warning C4566: character represented by universal-character-name '\u0442' cannot be represented in the current code page (1252)
C:\Users\adm\Documents\Коледж\Практика\perchyshyn_marian\Pract-6\main.cpp(277,10): warning C4566: character represented by universal-character-name '\u0438' cannot be represented in the current code page (1252)
C:\Users\adm\Documents\Коледж\Практика\perchyshyn_marian\Pract-6\main.cpp(281,10): warning C4566: character represented by universal-character-name '\u041E' cannot be represented in the current code page (1252)
C:\Users\adm\Documents\Коледж\Практика\perchyshyn_marian\Pract-6\main.cpp(281,10): warning C4566: character represented by universal-character-name '\u0442' cannot be represented in the current code page (1252)
C:\Users\adm\Documents\Коледж\Практика\perchyshyn_marian\Pract-6\main.cpp(281,10): warning C4566: character represented by universal-character-name '\u0440' cannot be represented in the current code page (1252)
C:\Users\adm\Documents\Коледж\Практика\perchyshyn_marian\Pract-6\main.cpp(281,10): warning C4566: character represented by universal-character-name '\u0438' cannot be represented in the current code page (1252)
C:\Users\adm\Documents\Коледж\Практика\perchyshyn_marian\Pract-6\main.cpp(281,10): warning C4566: character represented by universal-character-name '\u043C' cannot be represented in the current code page (1252)
C:\Users\adm\Documents\Коледж\Практика\perchyshyn_marian\Pract-6\main.cpp(281,10): warning C4566: character represented by universal-character-name '\u0430' cannot be represented in the current code page (1252)
C:\Users\adm\Documents\Коледж\Практика\perchyshyn_marian\Pract-6\main.cpp(281,10): warning C4566: character represented by universal-character-name '\u043D' cannot be represented in the current code page (1252)
C:\Users\adm\Documents\Коледж\Практика\perchyshyn_marian\Pract-6\main.cpp(281,10): warning C4566: character represented by universal-character-name '\u044F' cannot be represented in the current code page (1252)
C:\Users\adm\Documents\Коледж\Практика\perchyshyn_marian\Pract-6\main.cpp(281,10): warning C4566: character represented by universal-character-name '\u0435' cannot be represented in the current code page (1252)
C:\Users\adm\Documents\Коледж\Практика\perchyshyn_marian\Pract-6\main.cpp(281,10): warning C4566: character represented by universal-character-name '\u043B' cannot be represented in the current code page (1252)
C:\Users\adm\Documents\Коледж\Практика\perchyshyn_marian\Pract-6\main.cpp(281,10): warning C4566: character represented by universal-character-name '\u0437' cannot be represented in the current code page (1252)
C:\Users\adm\Documents\Коледж\Практика\perchyshyn_marian\Pract-6\main.cpp(281,10): warning C4566: character represented by universal-character-name '\u0456' cannot be represented in the current code page (1252)
C:\Users\adm\Documents\Коледж\Практика\perchyshyn_marian\Pract-6\main.cpp(281,10): warning C4566: character represented by universal-character-name '\u0434' cannot be represented in the current code page (1252)
C:\Users\adm\Documents\Коледж\Практика\perchyshyn_marian\Pract-6\main.cpp(281,10): warning C4566: character represented by universal-character-name '\u043A' cannot be represented in the current code page (1252)
C:\Users\adm\Documents\Коледж\Практика\perchyshyn_marian\Pract-6\main.cpp(281,10): warning C4566: character represented by universal-character-name '\u0441' cannot be represented in the current code page (1252)
C:\Users\adm\Documents\Коледж\Практика\perchyshyn_marian\Pract-6\main.cpp(281,10): warning C4566: character represented by universal-character-name '\u043E' cannot be represented in the current code page (1252)
C:\Users\adm\Documents\Коледж\Практика\perchyshyn_marian\Pract-6\main.cpp(283,10): warning C4566: character represented by universal-character-name '\u041F' cannot be represented in the current code page (1252)
C:\Users\adm\Documents\Коледж\Практика\perchyshyn_marian\Pract-6\main.cpp(283,10): warning C4566: character represented by universal-character-name '\u0435' cannot be represented in the current code page (1252)
C:\Users\adm\Documents\Коледж\Практика\perchyshyn_marian\Pract-6\main.cpp(283,10): warning C4566: character represented by universal-character-name '\u0440' cannot be represented in the current code page (1252)
C:\Users\adm\Documents\Коледж\Практика\perchyshyn_marian\Pract-6\main.cpp(283,10): warning C4566: character represented by universal-character-name '\u0432' cannot be represented in the current code page (1252)
C:\Users\adm\Documents\Коледж\Практика\perchyshyn_marian\Pract-6\main.cpp(283,10): warning C4566: character represented by universal-character-name '\u0456' cannot be represented in the current code page (1252)
C:\Users\adm\Documents\Коледж\Практика\perchyshyn_marian\Pract-6\main.cpp(283,10): warning C4566: character represented by universal-character-name '\u043A' cannot be represented in the current code page (1252)
C:\Users\adm\Documents\Коледж\Практика\perchyshyn_marian\Pract-6\main.cpp(283,10): warning C4566: character represented by universal-character-name '\u0430' cannot be represented in the current code page (1252)
C:\Users\adm\Documents\Коледж\Практика\perchyshyn_marian\Pract-6\main.cpp(283,10): warning C4566: character represented by universal-character-name '\u043E' cannot be represented in the current code page (1252)
C:\Users\adm\Documents\Коледж\Практика\perchyshyn_marian\Pract-6\main.cpp(283,10): warning C4566: character represented by universal-character-name '\u0431' cannot be represented in the current code page (1252)
C:\Users\adm\Documents\Коледж\Практика\perchyshyn_marian\Pract-6\main.cpp(283,10): warning C4566: character represented by universal-character-name '\u0442' cannot be represented in the current code page (1252)
C:\Users\adm\Documents\Коледж\Практика\perchyshyn_marian\Pract-6\main.cpp(283,10): warning C4566: character represented by universal-character-name '\u0438' cannot be represented in the current code page (1252)
C:\Users\adm\Documents\Коледж\Практика\perchyshyn_marian\Pract-6\main.cpp(285,14): warning C4305: 'argument': truncation from '__int64' to 'T'
C:\Users\adm\Documents\Коледж\Практика\perchyshyn_marian\Pract-6\main.cpp(285,14): warning C4305:         with
C:\Users\adm\Documents\Коледж\Практика\perchyshyn_marian\Pract-6\main.cpp(285,14): warning C4305:         [
C:\Users\adm\Documents\Коледж\Практика\perchyshyn_marian\Pract-6\main.cpp(285,14): warning C4305:             T=long
C:\Users\adm\Documents\Коледж\Практика\perchyshyn_marian\Pract-6\main.cpp(285,14): warning C4305:         ]
C:\Users\adm\Documents\Коледж\Практика\perchyshyn_marian\Pract-6\main.cpp(285,14): warning C4309: 'argument': truncation of constant value
C:\Users\adm\Documents\Коледж\Практика\perchyshyn_marian\Pract-6\main.cpp(287,10): warning C4566: character represented by universal-character-name '\u041E' cannot be represented in the current code page (1252)
C:\Users\adm\Documents\Коледж\Практика\perchyshyn_marian\Pract-6\main.cpp(287,10): warning C4566: character represented by universal-character-name '\u0442' cannot be represented in the current code page (1252)
C:\Users\adm\Documents\Коледж\Практика\perchyshyn_marian\Pract-6\main.cpp(287,10): warning C4566: character represented by universal-character-name '\u0440' cannot be represented in the current code page (1252)
C:\Users\adm\Documents\Коледж\Практика\perchyshyn_marian\Pract-6\main.cpp(287,10): warning C4566: character represented by universal-character-name '\u0438' cannot be represented in the current code page (1252)
C:\Users\adm\Documents\Коледж\Практика\perchyshyn_marian\Pract-6\main.cpp(287,10): warning C4566: character represented by universal-character-name '\u043C' cannot be represented in the current code page (1252)
C:\Users\adm\Documents\Коледж\Практика\perchyshyn_marian\Pract-6\main.cpp(287,10): warning C4566: character represented by universal-character-name '\u0430' cannot be represented in the current code page (1252)
C:\Users\adm\Documents\Коледж\Практика\perchyshyn_marian\Pract-6\main.cpp(287,10): warning C4566: character represented by universal-character-name '\u043D' cannot be represented in the current code page (1252)
C:\Users\adm\Documents\Коледж\Практика\perchyshyn_marian\Pract-6\main.cpp(287,10): warning C4566: character represented by universal-character-name '\u044F' cannot be represented in the current code page (1252)
C:\Users\adm\Documents\Коледж\Практика\perchyshyn_marian\Pract-6\main.cpp(287,10): warning C4566: character represented by universal-character-name '\u0435' cannot be represented in the current code page (1252)
C:\Users\adm\Documents\Коледж\Практика\perchyshyn_marian\Pract-6\main.cpp(287,10): warning C4566: character represented by universal-character-name '\u043B' cannot be represented in the current code page (1252)
C:\Users\adm\Documents\Коледж\Практика\perchyshyn_marian\Pract-6\main.cpp(287,10): warning C4566: character represented by universal-character-name '\u0437' cannot be represented in the current code page (1252)
C:\Users\adm\Documents\Коледж\Практика\perchyshyn_marian\Pract-6\main.cpp(287,10): warning C4566: character represented by universal-character-name '\u0456' cannot be represented in the current code page (1252)
C:\Users\adm\Documents\Коледж\Практика\perchyshyn_marian\Pract-6\main.cpp(287,10): warning C4566: character represented by universal-character-name '\u0434' cannot be represented in the current code page (1252)
C:\Users\adm\Documents\Коледж\Практика\perchyshyn_marian\Pract-6\main.cpp(287,10): warning C4566: character represented by universal-character-name '\u043A' cannot be represented in the current code page (1252)
C:\Users\adm\Documents\Коледж\Практика\perchyshyn_marian\Pract-6\main.cpp(287,10): warning C4566: character represented by universal-character-name '\u0441' cannot be represented in the current code page (1252)
C:\Users\adm\Documents\Коледж\Практика\perchyshyn_marian\Pract-6\main.cpp(287,10): warning C4566: character represented by universal-character-name '\u043E' cannot be represented in the current code page (1252)
C:\Users\adm\Documents\Коледж\Практика\perchyshyn_marian\Pract-6\main.cpp(293,10): warning C4566: character represented by universal-character-name '\u043F' cannot be represented in the current code page (1252)
C:\Users\adm\Documents\Коледж\Практика\perchyshyn_marian\Pract-6\main.cpp(293,10): warning C4566: character represented by universal-character-name '\u0456' cannot be represented in the current code page (1252)
C:\Users\adm\Documents\Коледж\Практика\perchyshyn_marian\Pract-6\main.cpp(293,10): warning C4566: character represented by universal-character-name '\u0441' cannot be represented in the current code page (1252)
C:\Users\adm\Documents\Коледж\Практика\perchyshyn_marian\Pract-6\main.cpp(293,10): warning C4566: character represented by universal-character-name '\u043B' cannot be represented in the current code page (1252)
C:\Users\adm\Documents\Коледж\Практика\perchyshyn_marian\Pract-6\main.cpp(293,10): warning C4566: character represented by universal-character-name '\u044F' cannot be represented in the current code page (1252)
C:\Users\adm\Documents\Коледж\Практика\perchyshyn_marian\Pract-6\main.cpp(293,10): warning C4566: character represented by universal-character-name '\u0440' cannot be represented in the current code page (1252)
C:\Users\adm\Documents\Коледж\Практика\perchyshyn_marian\Pract-6\main.cpp(293,10): warning C4566: character represented by universal-character-name '\u043E' cannot be represented in the current code page (1252)
C:\Users\adm\Documents\Коледж\Практика\perchyshyn_marian\Pract-6\main.cpp(293,10): warning C4566: character represented by universal-character-name '\u0437' cannot be represented in the current code page (1252)
C:\Users\adm\Documents\Коледж\Практика\perchyshyn_marian\Pract-6\main.cpp(293,10): warning C4566: character represented by universal-character-name '\u0448' cannot be represented in the current code page (1252)
C:\Users\adm\Documents\Коледж\Практика\perchyshyn_marian\Pract-6\main.cpp(293,10): warning C4566: character represented by universal-character-name '\u0438' cannot be represented in the current code page (1252)
C:\Users\adm\Documents\Коледж\Практика\perchyshyn_marian\Pract-6\main.cpp(293,10): warning C4566: character represented by universal-character-name '\u0435' cannot be represented in the current code page (1252)
C:\Users\adm\Documents\Коледж\Практика\perchyshyn_marian\Pract-6\main.cpp(293,10): warning C4566: character represented by universal-character-name '\u043D' cannot be represented in the current code page (1252)
C:\Users\adm\Documents\Коледж\Практика\perchyshyn_marian\Pract-6\main.cpp(302,10): warning C4566: character represented by universal-character-name '\u0412' cannot be represented in the current code page (1252)
C:\Users\adm\Documents\Коледж\Практика\perchyshyn_marian\Pract-6\main.cpp(302,10): warning C4566: character represented by universal-character-name '\u0438' cannot be represented in the current code page (1252)
C:\Users\adm\Documents\Коледж\Практика\perchyshyn_marian\Pract-6\main.cpp(302,10): warning C4566: character represented by universal-character-name '\u043A' cannot be represented in the current code page (1252)
C:\Users\adm\Documents\Коледж\Практика\perchyshyn_marian\Pract-6\main.cpp(302,10): warning C4566: character represented by universal-character-name '\u043B' cannot be represented in the current code page (1252)
C:\Users\adm\Documents\Коледж\Практика\perchyshyn_marian\Pract-6\main.cpp(302,10): warning C4566: character represented by universal-character-name '\u0432' cannot be represented in the current code page (1252)
C:\Users\adm\Documents\Коледж\Практика\perchyshyn_marian\Pract-6\main.cpp(302,10): warning C4566: character represented by universal-character-name '\u0456' cannot be represented in the current code page (1252)
C:\Users\adm\Documents\Коледж\Практика\perchyshyn_marian\Pract-6\main.cpp(302,10): warning C4566: character represented by universal-character-name '\u0440' cannot be represented in the current code page (1252)
C:\Users\adm\Documents\Коледж\Практика\perchyshyn_marian\Pract-6\main.cpp(302,10): warning C4566: character represented by universal-character-name '\u0442' cannot be represented in the current code page (1252)
C:\Users\adm\Documents\Коледж\Практика\perchyshyn_marian\Pract-6\main.cpp(302,10): warning C4566: character represented by universal-character-name '\u0443' cannot be represented in the current code page (1252)
C:\Users\adm\Documents\Коледж\Практика\perchyshyn_marian\Pract-6\main.cpp(302,10): warning C4566: character represented by universal-character-name '\u0430' cannot be represented in the current code page (1252)
C:\Users\adm\Documents\Коледж\Практика\perchyshyn_marian\Pract-6\main.cpp(302,10): warning C4566: character represented by universal-character-name '\u044C' cannot be represented in the current code page (1252)
C:\Users\adm\Documents\Коледж\Практика\perchyshyn_marian\Pract-6\main.cpp(302,10): warning C4566: character represented by universal-character-name '\u043D' cannot be represented in the current code page (1252)
C:\Users\adm\Documents\Коледж\Практика\perchyshyn_marian\Pract-6\main.cpp(302,10): warning C4566: character represented by universal-character-name '\u043E' cannot be represented in the current code page (1252)
C:\Users\adm\Documents\Коледж\Практика\perchyshyn_marian\Pract-6\main.cpp(302,10): warning C4566: character represented by universal-character-name '\u0433' cannot be represented in the current code page (1252)
C:\Users\adm\Documents\Коледж\Практика\perchyshyn_marian\Pract-6\main.cpp(302,10): warning C4566: character represented by universal-character-name '\u043C' cannot be represented in the current code page (1252)
C:\Users\adm\Documents\Коледж\Практика\perchyshyn_marian\Pract-6\main.cpp(302,10): warning C4566: character represented by universal-character-name '\u0435' cannot be represented in the current code page (1252)
C:\Users\adm\Documents\Коледж\Практика\perchyshyn_marian\Pract-6\main.cpp(302,10): warning C4566: character represented by universal-character-name '\u0434' cannot be represented in the current code page (1252)
C:\Users\adm\Documents\Коледж\Практика\perchyshyn_marian\Pract-6\main.cpp(302,10): warning C4566: character represented by universal-character-name '\u044F' cannot be represented in the current code page (1252)
C:\Users\adm\Documents\Коледж\Практика\perchyshyn_marian\Pract-6\main.cpp(302,10): warning C4566: character represented by universal-character-name '\u0436' cannot be represented in the current code page (1252)
C:\Users\adm\Documents\Коледж\Практика\perchyshyn_marian\Pract-6\main.cpp(302,10): warning C4566: character represented by universal-character-name '\u0431' cannot be represented in the current code page (1252)
C:\Users\adm\Documents\Коледж\Практика\perchyshyn_marian\Pract-6\main.cpp(302,10): warning C4566: character represented by universal-character-name '\u0454' cannot be represented in the current code page (1252)
  Pract-6.vcxproj -> C:\Users\adm\Documents\Коледж\Практика\perchyshyn_marian\Pract-6\x64\Debug\Pract-6.exe
