  main.cpp
C:\Users\adm\Documents\Коледж\Практика\perchyshyn_marian\Pract-7\main.cpp(205,10): warning C4566: character represented by universal-character-name '\u0414' cannot be represented in the current code page (1252)
C:\Users\adm\Documents\Коледж\Практика\perchyshyn_marian\Pract-7\main.cpp(205,10): warning C4566: character represented by universal-character-name '\u043E' cannot be represented in the current code page (1252)
C:\Users\adm\Documents\Коледж\Практика\perchyshyn_marian\Pract-7\main.cpp(205,10): warning C4566: character represented by universal-character-name '\u0434' cannot be represented in the current code page (1252)
C:\Users\adm\Documents\Коледж\Практика\perchyshyn_marian\Pract-7\main.cpp(205,10): warning C4566: character represented by universal-character-name '\u0430' cannot be represented in the current code page (1252)
C:\Users\adm\Documents\Коледж\Практика\perchyshyn_marian\Pract-7\main.cpp(205,10): warning C4566: character represented by universal-character-name '\u0442' cannot be represented in the current code page (1252)
C:\Users\adm\Documents\Коледж\Практика\perchyshyn_marian\Pract-7\main.cpp(205,10): warning C4566: character represented by universal-character-name '\u0438' cannot be represented in the current code page (1252)
C:\Users\adm\Documents\Коледж\Практика\perchyshyn_marian\Pract-7\main.cpp(206,10): warning C4566: character represented by universal-character-name '\u0414' cannot be represented in the current code page (1252)
C:\Users\adm\Documents\Коледж\Практика\perchyshyn_marian\Pract-7\main.cpp(206,10): warning C4566: character represented by universal-character-name '\u043E' cannot be represented in the current code page (1252)
C:\Users\adm\Documents\Коледж\Практика\perchyshyn_marian\Pract-7\main.cpp(206,10): warning C4566: character represented by universal-character-name '\u0434' cannot be represented in the current code page (1252)
C:\Users\adm\Documents\Коледж\Практика\perchyshyn_marian\Pract-7\main.cpp(206,10): warning C4566: character represented by universal-character-name '\u0430' cannot be represented in the current code page (1252)
C:\Users\adm\Documents\Коледж\Практика\perchyshyn_marian\Pract-7\main.cpp(206,10): warning C4566: character represented by universal-character-name '\u0442' cannot be represented in the current code page (1252)
C:\Users\adm\Documents\Коледж\Практика\perchyshyn_marian\Pract-7\main.cpp(206,10): warning C4566: character represented by universal-character-name '\u0438' cannot be represented in the current code page (1252)
C:\Users\adm\Documents\Коледж\Практика\perchyshyn_marian\Pract-7\main.cpp(207,10): warning C4566: character represented by universal-character-name '\u0412' cannot be represented in the current code page (1252)
C:\Users\adm\Documents\Коледж\Практика\perchyshyn_marian\Pract-7\main.cpp(207,10): warning C4566: character represented by universal-character-name '\u0438' cannot be represented in the current code page (1252)
C:\Users\adm\Documents\Коледж\Практика\perchyshyn_marian\Pract-7\main.cpp(207,10): warning C4566: character represented by universal-character-name '\u0445' cannot be represented in the current code page (1252)
C:\Users\adm\Documents\Коледж\Практика\perchyshyn_marian\Pract-7\main.cpp(207,10): warning C4566: character represented by universal-character-name '\u0456' cannot be represented in the current code page (1252)
C:\Users\adm\Documents\Коледж\Практика\perchyshyn_marian\Pract-7\main.cpp(207,10): warning C4566: character represented by universal-character-name '\u0434' cannot be represented in the current code page (1252)
C:\Users\adm\Documents\Коледж\Практика\perchyshyn_marian\Pract-7\main.cpp(215,10): warning C4566: character represented by universal-character-name '\u0412' cannot be represented in the current code page (1252)
C:\Users\adm\Documents\Коледж\Практика\perchyshyn_marian\Pract-7\main.cpp(215,10): warning C4566: character represented by universal-character-name '\u0432' cannot be represented in the current code page (1252)
C:\Users\adm\Documents\Коледж\Практика\perchyshyn_marian\Pract-7\main.cpp(215,10): warning C4566: character represented by universal-character-name '\u0435' cannot be represented in the current code page (1252)
C:\Users\adm\Documents\Коледж\Практика\perchyshyn_marian\Pract-7\main.cpp(215,10): warning C4566: character represented by universal-character-name '\u0434' cannot be represented in the current code page (1252)
C:\Users\adm\Documents\Коледж\Практика\perchyshyn_marian\Pract-7\main.cpp(215,10): warning C4566: character represented by universal-character-name '\u0456' cannot be represented in the current code page (1252)
C:\Users\adm\Documents\Коледж\Практика\perchyshyn_marian\Pract-7\main.cpp(215,10): warning C4566: character represented by universal-character-name '\u0442' cannot be represented in the current code page (1252)
C:\Users\adm\Documents\Коледж\Практика\perchyshyn_marian\Pract-7\main.cpp(215,10): warning C4566: character represented by universal-character-name '\u044C' cannot be represented in the current code page (1252)
C:\Users\adm\Documents\Коледж\Практика\perchyshyn_marian\Pract-7\main.cpp(215,10): warning C4566: character represented by universal-character-name '\u0430' cannot be represented in the current code page (1252)
C:\Users\adm\Documents\Коледж\Практика\perchyshyn_marian\Pract-7\main.cpp(215,10): warning C4566: character represented by universal-character-name '\u043D' cannot be represented in the current code page (1252)
C:\Users\adm\Documents\Коледж\Практика\perchyshyn_marian\Pract-7\main.cpp(215,10): warning C4566: character represented by universal-character-name '\u043B' cannot be represented in the current code page (1252)
C:\Users\adm\Documents\Коледж\Практика\perchyshyn_marian\Pract-7\main.cpp(215,10): warning C4566: character represented by universal-character-name '\u044F' cannot be represented in the current code page (1252)
C:\Users\adm\Documents\Коледж\Практика\perchyshyn_marian\Pract-7\main.cpp(233,10): warning C4566: character represented by universal-character-name '\u0412' cannot be represented in the current code page (1252)
C:\Users\adm\Documents\Коледж\Практика\perchyshyn_marian\Pract-7\main.cpp(233,10): warning C4566: character represented by universal-character-name '\u0432' cannot be represented in the current code page (1252)
C:\Users\adm\Documents\Коледж\Практика\perchyshyn_marian\Pract-7\main.cpp(233,10): warning C4566: character represented by universal-character-name '\u0435' cannot be represented in the current code page (1252)
C:\Users\adm\Documents\Коледж\Практика\perchyshyn_marian\Pract-7\main.cpp(233,10): warning C4566: character represented by universal-character-name '\u0434' cannot be represented in the current code page (1252)
C:\Users\adm\Documents\Коледж\Практика\perchyshyn_marian\Pract-7\main.cpp(233,10): warning C4566: character represented by universal-character-name '\u0456' cannot be represented in the current code page (1252)
C:\Users\adm\Documents\Коледж\Практика\perchyshyn_marian\Pract-7\main.cpp(233,10): warning C4566: character represented by universal-character-name '\u0442' cannot be represented in the current code page (1252)
C:\Users\adm\Documents\Коледж\Практика\perchyshyn_marian\Pract-7\main.cpp(233,10): warning C4566: character represented by universal-character-name '\u044C' cannot be represented in the current code page (1252)
C:\Users\adm\Documents\Коледж\Практика\perchyshyn_marian\Pract-7\main.cpp(233,10): warning C4566: character represented by universal-character-name '\u0430' cannot be represented in the current code page (1252)
C:\Users\adm\Documents\Коледж\Практика\perchyshyn_marian\Pract-7\main.cpp(233,10): warning C4566: character represented by universal-character-name '\u043D' cannot be represented in the current code page (1252)
C:\Users\adm\Documents\Коледж\Практика\perchyshyn_marian\Pract-7\main.cpp(233,10): warning C4566: character represented by universal-character-name '\u043B' cannot be represented in the current code page (1252)
C:\Users\adm\Documents\Коледж\Практика\perchyshyn_marian\Pract-7\main.cpp(233,10): warning C4566: character represented by universal-character-name '\u044F' cannot be represented in the current code page (1252)
C:\Users\adm\Documents\Коледж\Практика\perchyshyn_marian\Pract-7\main.cpp(340,10): warning C4566: character represented by universal-character-name '\u0412' cannot be represented in the current code page (1252)
C:\Users\adm\Documents\Коледж\Практика\perchyshyn_marian\Pract-7\main.cpp(340,10): warning C4566: character represented by universal-character-name '\u0438' cannot be represented in the current code page (1252)
C:\Users\adm\Documents\Коледж\Практика\perchyshyn_marian\Pract-7\main.cpp(340,10): warning C4566: character represented by universal-character-name '\u0434' cannot be represented in the current code page (1252)
C:\Users\adm\Documents\Коледж\Практика\perchyshyn_marian\Pract-7\main.cpp(340,10): warning C4566: character represented by universal-character-name '\u0430' cannot be represented in the current code page (1252)
C:\Users\adm\Documents\Коледж\Практика\perchyshyn_marian\Pract-7\main.cpp(340,10): warning C4566: character represented by universal-character-name '\u043B' cannot be represented in the current code page (1252)
C:\Users\adm\Documents\Коледж\Практика\perchyshyn_marian\Pract-7\main.cpp(340,10): warning C4566: character represented by universal-character-name '\u0435' cannot be represented in the current code page (1252)
C:\Users\adm\Documents\Коледж\Практика\perchyshyn_marian\Pract-7\main.cpp(340,10): warning C4566: character represented by universal-character-name '\u043D' cannot be represented in the current code page (1252)
C:\Users\adm\Documents\Коледж\Практика\perchyshyn_marian\Pract-7\main.cpp(340,10): warning C4566: character represented by universal-character-name '\u043E' cannot be represented in the current code page (1252)
C:\Users\adm\Documents\Коледж\Практика\perchyshyn_marian\Pract-7\main.cpp(340,10): warning C4566: character represented by universal-character-name '\u0432' cannot be represented in the current code page (1252)
C:\Users\adm\Documents\Коледж\Практика\perchyshyn_marian\Pract-7\main.cpp(340,10): warning C4566: character represented by universal-character-name '\u0441' cannot be represented in the current code page (1252)
C:\Users\adm\Documents\Коледж\Практика\perchyshyn_marian\Pract-7\main.cpp(340,10): warning C4566: character represented by universal-character-name '\u0456' cannot be represented in the current code page (1252)
C:\Users\adm\Documents\Коледж\Практика\perchyshyn_marian\Pract-7\main.cpp(340,10): warning C4566: character represented by universal-character-name '\u043C' cannot be represented in the current code page (1252)
C:\Users\adm\Documents\Коледж\Практика\perchyshyn_marian\Pract-7\main.cpp(340,10): warning C4566: character represented by universal-character-name '\u0442' cannot be represented in the current code page (1252)
C:\Users\adm\Documents\Коледж\Практика\perchyshyn_marian\Pract-7\main.cpp(340,10): warning C4566: character represented by universal-character-name '\u043F' cannot be represented in the current code page (1252)
C:\Users\adm\Documents\Коледж\Практика\perchyshyn_marian\Pract-7\main.cpp(340,10): warning C4566: character represented by universal-character-name '\u0440' cannot be represented in the current code page (1252)
C:\Users\adm\Documents\Коледж\Практика\perchyshyn_marian\Pract-7\main.cpp(340,10): warning C4566: character represented by universal-character-name '\u0448' cannot be represented in the current code page (1252)
C:\Users\adm\Documents\Коледж\Практика\perchyshyn_marian\Pract-7\main.cpp(340,10): warning C4566: character represented by universal-character-name '\u0433' cannot be represented in the current code page (1252)
C:\Users\adm\Documents\Коледж\Практика\perchyshyn_marian\Pract-7\main.cpp(340,10): warning C4566: character represented by universal-character-name '\u043A' cannot be represented in the current code page (1252)
C:\Users\adm\Documents\Коледж\Практика\perchyshyn_marian\Pract-7\main.cpp(340,10): warning C4566: character represented by universal-character-name '\u0443' cannot be represented in the current code page (1252)
C:\Users\adm\Documents\Коледж\Практика\perchyshyn_marian\Pract-7\main.cpp(342,10): warning C4566: character represented by universal-character-name '\u0412' cannot be represented in the current code page (1252)
C:\Users\adm\Documents\Коледж\Практика\perchyshyn_marian\Pract-7\main.cpp(342,10): warning C4566: character represented by universal-character-name '\u0438' cannot be represented in the current code page (1252)
C:\Users\adm\Documents\Коледж\Практика\perchyshyn_marian\Pract-7\main.cpp(342,10): warning C4566: character represented by universal-character-name '\u0434' cannot be represented in the current code page (1252)
C:\Users\adm\Documents\Коледж\Практика\perchyshyn_marian\Pract-7\main.cpp(342,10): warning C4566: character represented by universal-character-name '\u0430' cannot be represented in the current code page (1252)
C:\Users\adm\Documents\Коледж\Практика\perchyshyn_marian\Pract-7\main.cpp(342,10): warning C4566: character represented by universal-character-name '\u043B' cannot be represented in the current code page (1252)
C:\Users\adm\Documents\Коледж\Практика\perchyshyn_marian\Pract-7\main.cpp(342,10): warning C4566: character represented by universal-character-name '\u0435' cannot be represented in the current code page (1252)
C:\Users\adm\Documents\Коледж\Практика\perchyshyn_marian\Pract-7\main.cpp(342,10): warning C4566: character represented by universal-character-name '\u043D' cannot be represented in the current code page (1252)
C:\Users\adm\Documents\Коледж\Практика\perchyshyn_marian\Pract-7\main.cpp(342,10): warning C4566: character represented by universal-character-name '\u043E' cannot be represented in the current code page (1252)
C:\Users\adm\Documents\Коледж\Практика\perchyshyn_marian\Pract-7\main.cpp(342,10): warning C4566: character represented by universal-character-name '\u0432' cannot be represented in the current code page (1252)
C:\Users\adm\Documents\Коледж\Практика\perchyshyn_marian\Pract-7\main.cpp(342,10): warning C4566: character represented by universal-character-name '\u0441' cannot be represented in the current code page (1252)
C:\Users\adm\Documents\Коледж\Практика\perchyshyn_marian\Pract-7\main.cpp(342,10): warning C4566: character represented by universal-character-name '\u0456' cannot be represented in the current code page (1252)
C:\Users\adm\Documents\Коледж\Практика\perchyshyn_marian\Pract-7\main.cpp(342,10): warning C4566: character represented by universal-character-name '\u043C' cannot be represented in the current code page (1252)
C:\Users\adm\Documents\Коледж\Практика\perchyshyn_marian\Pract-7\main.cpp(342,10): warning C4566: character represented by universal-character-name '\u0442' cannot be represented in the current code page (1252)
C:\Users\adm\Documents\Коледж\Практика\perchyshyn_marian\Pract-7\main.cpp(342,10): warning C4566: character represented by universal-character-name '\u0440' cannot be represented in the current code page (1252)
C:\Users\adm\Documents\Коледж\Практика\perchyshyn_marian\Pract-7\main.cpp(342,10): warning C4566: character represented by universal-character-name '\u0443' cannot be represented in the current code page (1252)
C:\Users\adm\Documents\Коледж\Практика\perchyshyn_marian\Pract-7\main.cpp(342,10): warning C4566: character represented by universal-character-name '\u0433' cannot be represented in the current code page (1252)
C:\Users\adm\Documents\Коледж\Практика\perchyshyn_marian\Pract-7\main.cpp(342,10): warning C4566: character represented by universal-character-name '\u043F' cannot be represented in the current code page (1252)
C:\Users\adm\Documents\Коледж\Практика\perchyshyn_marian\Pract-7\main.cpp(342,10): warning C4566: character represented by universal-character-name '\u043A' cannot be represented in the current code page (1252)
  Pract-7.vcxproj -> C:\Users\adm\Documents\Коледж\Практика\perchyshyn_marian\Pract-7\x64\Debug\Pract-7.exe
